<?xml version="1.0" encoding="UTF-8"?>
<!-- Generated by org.testng.reporters.JUnitReportReporter -->
<testsuite name="qsp.Demo_feb6" tests="1" time="0.019" ignored="0" failures="0" timestamp="07 Feb 2017 14:44:42 GMT" skipped="0" hostname="Admin-PC" errors="0">
  <testcase name="m1" time="0.019" classname="qsp.Demo_feb6"/>
</testsuite> <!-- qsp.Demo_feb6 -->
