<?xml version="1.0" encoding="UTF-8"?>
<!-- Generated by org.testng.reporters.JUnitReportReporter -->
<testsuite name="qsp.Demo_1TNG_A" tests="4" time="0.075" ignored="0" failures="0" timestamp="14 Feb 2017 15:01:57 GMT" skipped="0" hostname="Admin-PC" errors="0">
  <testcase name="testB" time="0.005" classname="qsp.Demo_1TNG_A"/>
  <testcase name="testB" time="0.004" classname="qsp.Demo_1TNG_A"/>
  <testcase name="testA" time="0.005" classname="qsp.Demo_1TNG_A"/>
  <testcase name="testB" time="0.061" classname="qsp.Demo_1TNG_A"/>
</testsuite> <!-- qsp.Demo_1TNG_A -->
